<?xml version="1.0" ?>
<coverage version="7.9.1" timestamp="1774509496446" lines-valid="1227" lines-covered="1182" line-rate="0.9633" branches-covered="0" branches-valid="0" branch-rate="0" complexity="0">
	<!-- Generated by coverage.py: https://coverage.readthedocs.io/en/7.9.1 -->
	<!-- Based on https://raw.githubusercontent.com/cobertura/web/master/htdocs/xml/coverage-04.dtd -->
	<sources>
		<source>D:\Project\Python\MAI\Software_engineering_lab_2\backend</source>
	</sources>
	<packages>
		<package name="auth_service" line-rate="0.8571" branch-rate="0" complexity="0">
			<classes>
				<class name="main.py" filename="auth_service/main.py" complexity="0" line-rate="0.8571" branch-rate="0">
					<methods/>
					<lines>
						<line number="1" hits="1"/>
						<line number="2" hits="1"/>
						<line number="4" hits="1"/>
						<line number="5" hits="1"/>
						<line number="7" hits="1"/>
						<line number="8" hits="1"/>
						<line number="9" hits="0"/>
					</lines>
				</class>
			</classes>
		</package>
		<package name="auth_service.api.v1" line-rate="0.931" branch-rate="0" complexity="0">
			<classes>
				<class name="__init__.py" filename="auth_service/api/v1/__init__.py" complexity="0" line-rate="1" branch-rate="0">
					<methods/>
					<lines/>
				</class>
				<class name="router.py" filename="auth_service/api/v1/router.py" complexity="0" line-rate="0.931" branch-rate="0">
					<methods/>
					<lines>
						<line number="1" hits="1"/>
						<line number="3" hits="1"/>
						<line number="13" hits="1"/>
						<line number="14" hits="1"/>
						<line number="16" hits="1"/>
						<line number="19" hits="1"/>
						<line number="26" hits="1"/>
						<line number="27" hits="1"/>
						<line number="28" hits="1"/>
						<line number="29" hits="1"/>
						<line number="30" hits="1"/>
						<line number="33" hits="1"/>
						<line number="40" hits="1"/>
						<line number="41" hits="1"/>
						<line number="42" hits="1"/>
						<line number="43" hits="0"/>
						<line number="44" hits="0"/>
						<line number="47" hits="1"/>
						<line number="54" hits="1"/>
						<line number="55" hits="1"/>
						<line number="56" hits="1"/>
						<line number="57" hits="1"/>
						<line number="58" hits="1"/>
						<line number="61" hits="1"/>
						<line number="68" hits="1"/>
						<line number="69" hits="1"/>
						<line number="70" hits="1"/>
						<line number="71" hits="1"/>
						<line number="72" hits="1"/>
					</lines>
				</class>
			</classes>
		</package>
		<package name="auth_service.implementation" line-rate="1" branch-rate="0" complexity="0">
			<classes>
				<class name="__init__.py" filename="auth_service/implementation/__init__.py" complexity="0" line-rate="1" branch-rate="0">
					<methods/>
					<lines/>
				</class>
				<class name="in_memory_auth_repository.py" filename="auth_service/implementation/in_memory_auth_repository.py" complexity="0" line-rate="1" branch-rate="0">
					<methods/>
					<lines>
						<line number="1" hits="1"/>
						<line number="4" hits="1"/>
						<line number="5" hits="1"/>
						<line number="6" hits="1"/>
						<line number="7" hits="1"/>
						<line number="9" hits="1"/>
						<line number="10" hits="1"/>
						<line number="11" hits="1"/>
						<line number="12" hits="1"/>
						<line number="19" hits="1"/>
						<line number="20" hits="1"/>
						<line number="21" hits="1"/>
						<line number="23" hits="1"/>
						<line number="24" hits="1"/>
					</lines>
				</class>
			</classes>
		</package>
		<package name="auth_service.interface" line-rate="1" branch-rate="0" complexity="0">
			<classes>
				<class name="__init__.py" filename="auth_service/interface/__init__.py" complexity="0" line-rate="1" branch-rate="0">
					<methods/>
					<lines/>
				</class>
				<class name="repository.py" filename="auth_service/interface/repository.py" complexity="0" line-rate="1" branch-rate="0">
					<methods/>
					<lines>
						<line number="1" hits="1"/>
						<line number="3" hits="1"/>
						<line number="6" hits="1"/>
						<line number="7" hits="1"/>
						<line number="15" hits="1"/>
					</lines>
				</class>
			</classes>
		</package>
		<package name="auth_service.model" line-rate="1" branch-rate="0" complexity="0">
			<classes>
				<class name="__init__.py" filename="auth_service/model/__init__.py" complexity="0" line-rate="1" branch-rate="0">
					<methods/>
					<lines/>
				</class>
				<class name="user.py" filename="auth_service/model/user.py" complexity="0" line-rate="1" branch-rate="0">
					<methods/>
					<lines>
						<line number="1" hits="1"/>
						<line number="4" hits="1"/>
						<line number="5" hits="1"/>
						<line number="6" hits="1"/>
						<line number="7" hits="1"/>
						<line number="8" hits="1"/>
						<line number="9" hits="1"/>
						<line number="10" hits="1"/>
					</lines>
				</class>
			</classes>
		</package>
		<package name="auth_service.schema" line-rate="1" branch-rate="0" complexity="0">
			<classes>
				<class name="__init__.py" filename="auth_service/schema/__init__.py" complexity="0" line-rate="1" branch-rate="0">
					<methods/>
					<lines/>
				</class>
				<class name="auth.py" filename="auth_service/schema/auth.py" complexity="0" line-rate="1" branch-rate="0">
					<methods/>
					<lines>
						<line number="1" hits="1"/>
						<line number="4" hits="1"/>
						<line number="5" hits="1"/>
						<line number="6" hits="1"/>
						<line number="7" hits="1"/>
						<line number="8" hits="1"/>
						<line number="11" hits="1"/>
						<line number="12" hits="1"/>
						<line number="13" hits="1"/>
						<line number="14" hits="1"/>
						<line number="15" hits="1"/>
						<line number="18" hits="1"/>
						<line number="19" hits="1"/>
						<line number="20" hits="1"/>
						<line number="23" hits="1"/>
						<line number="24" hits="1"/>
						<line number="27" hits="1"/>
						<line number="28" hits="1"/>
						<line number="31" hits="1"/>
						<line number="32" hits="1"/>
						<line number="33" hits="1"/>
						<line number="34" hits="1"/>
						<line number="37" hits="1"/>
						<line number="38" hits="1"/>
						<line number="39" hits="1"/>
						<line number="42" hits="1"/>
						<line number="43" hits="1"/>
					</lines>
				</class>
			</classes>
		</package>
		<package name="auth_service.test" line-rate="0.9667" branch-rate="0" complexity="0">
			<classes>
				<class name="test_router.py" filename="auth_service/test/test_router.py" complexity="0" line-rate="0.9667" branch-rate="0">
					<methods/>
					<lines>
						<line number="1" hits="1"/>
						<line number="3" hits="1"/>
						<line number="4" hits="1"/>
						<line number="5" hits="1"/>
						<line number="6" hits="1"/>
						<line number="8" hits="1"/>
						<line number="12" hits="1"/>
						<line number="13" hits="1"/>
						<line number="14" hits="1"/>
						<line number="15" hits="1"/>
						<line number="16" hits="1"/>
						<line number="17" hits="0"/>
						<line number="18" hits="1"/>
						<line number="19" hits="1"/>
						<line number="20" hits="1"/>
						<line number="21" hits="1"/>
						<line number="23" hits="1"/>
						<line number="24" hits="1"/>
						<line number="25" hits="1"/>
						<line number="26" hits="1"/>
						<line number="27" hits="1"/>
						<line number="28" hits="1"/>
						<line number="29" hits="1"/>
						<line number="33" hits="0"/>
						<line number="34" hits="1"/>
						<line number="35" hits="1"/>
						<line number="37" hits="1"/>
						<line number="40" hits="1"/>
						<line number="41" hits="1"/>
						<line number="45" hits="1"/>
						<line number="47" hits="1"/>
						<line number="48" hits="1"/>
						<line number="49" hits="1"/>
						<line number="52" hits="1"/>
						<line number="53" hits="1"/>
						<line number="57" hits="1"/>
						<line number="61" hits="1"/>
						<line number="64" hits="1"/>
						<line number="65" hits="1"/>
						<line number="69" hits="1"/>
						<line number="70" hits="1"/>
						<line number="71" hits="1"/>
						<line number="72" hits="1"/>
						<line number="75" hits="1"/>
						<line number="76" hits="1"/>
						<line number="80" hits="1"/>
						<line number="83" hits="1"/>
						<line number="84" hits="1"/>
						<line number="85" hits="1"/>
						<line number="88" hits="1"/>
						<line number="89" hits="1"/>
						<line number="93" hits="1"/>
						<line number="97" hits="1"/>
						<line number="98" hits="1"/>
						<line number="100" hits="1"/>
						<line number="101" hits="1"/>
						<line number="102" hits="1"/>
						<line number="105" hits="1"/>
						<line number="106" hits="1"/>
						<line number="107" hits="1"/>
					</lines>
				</class>
			</classes>
		</package>
		<package name="auth_service.use_case" line-rate="0.88" branch-rate="0" complexity="0">
			<classes>
				<class name="__init__.py" filename="auth_service/use_case/__init__.py" complexity="0" line-rate="1" branch-rate="0">
					<methods/>
					<lines/>
				</class>
				<class name="service.py" filename="auth_service/use_case/service.py" complexity="0" line-rate="0.88" branch-rate="0">
					<methods/>
					<lines>
						<line number="1" hits="1"/>
						<line number="2" hits="1"/>
						<line number="3" hits="1"/>
						<line number="6" hits="1"/>
						<line number="7" hits="1"/>
						<line number="8" hits="1"/>
						<line number="10" hits="1"/>
						<line number="11" hits="1"/>
						<line number="17" hits="1"/>
						<line number="24" hits="1"/>
						<line number="25" hits="1"/>
						<line number="26" hits="1"/>
						<line number="27" hits="0"/>
						<line number="28" hits="1"/>
						<line number="29" hits="1"/>
						<line number="30" hits="1"/>
						<line number="32" hits="1"/>
						<line number="33" hits="1"/>
						<line number="34" hits="1"/>
						<line number="35" hits="1"/>
						<line number="36" hits="0"/>
						<line number="37" hits="0"/>
						<line number="39" hits="1"/>
						<line number="40" hits="1"/>
						<line number="41" hits="1"/>
					</lines>
				</class>
			</classes>
		</package>
		<package name="auth_service.util" line-rate="0.9259" branch-rate="0" complexity="0">
			<classes>
				<class name="__init__.py" filename="auth_service/util/__init__.py" complexity="0" line-rate="1" branch-rate="0">
					<methods/>
					<lines/>
				</class>
				<class name="dependencies.py" filename="auth_service/util/dependencies.py" complexity="0" line-rate="1" branch-rate="0">
					<methods/>
					<lines>
						<line number="1" hits="1"/>
						<line number="3" hits="1"/>
						<line number="5" hits="1"/>
						<line number="6" hits="1"/>
						<line number="7" hits="1"/>
						<line number="9" hits="1"/>
						<line number="12" hits="1"/>
						<line number="13" hits="1"/>
						<line number="16" hits="1"/>
						<line number="17" hits="1"/>
					</lines>
				</class>
				<class name="security.py" filename="auth_service/util/security.py" complexity="0" line-rate="0.8824" branch-rate="0">
					<methods/>
					<lines>
						<line number="1" hits="1"/>
						<line number="2" hits="1"/>
						<line number="4" hits="1"/>
						<line number="5" hits="1"/>
						<line number="7" hits="1"/>
						<line number="9" hits="1"/>
						<line number="10" hits="1"/>
						<line number="12" hits="1"/>
						<line number="13" hits="0"/>
						<line number="16" hits="1"/>
						<line number="17" hits="0"/>
						<line number="19" hits="1"/>
						<line number="20" hits="1"/>
						<line number="21" hits="1"/>
						<line number="22" hits="1"/>
						<line number="24" hits="1"/>
						<line number="25" hits="1"/>
					</lines>
				</class>
			</classes>
		</package>
		<package name="calendar_service" line-rate="0.8571" branch-rate="0" complexity="0">
			<classes>
				<class name="main.py" filename="calendar_service/main.py" complexity="0" line-rate="0.8571" branch-rate="0">
					<methods/>
					<lines>
						<line number="1" hits="1"/>
						<line number="2" hits="1"/>
						<line number="4" hits="1"/>
						<line number="5" hits="1"/>
						<line number="8" hits="1"/>
						<line number="9" hits="1"/>
						<line number="10" hits="0"/>
					</lines>
				</class>
			</classes>
		</package>
		<package name="calendar_service.api.v1" line-rate="1" branch-rate="0" complexity="0">
			<classes>
				<class name="__init__.py" filename="calendar_service/api/v1/__init__.py" complexity="0" line-rate="1" branch-rate="0">
					<methods/>
					<lines/>
				</class>
				<class name="router.py" filename="calendar_service/api/v1/router.py" complexity="0" line-rate="1" branch-rate="0">
					<methods/>
					<lines>
						<line number="1" hits="1"/>
						<line number="3" hits="1"/>
						<line number="6" hits="1"/>
						<line number="11" hits="1"/>
						<line number="12" hits="1"/>
					</lines>
				</class>
			</classes>
		</package>
		<package name="calendar_service.test" line-rate="1" branch-rate="0" complexity="0">
			<classes>
				<class name="test_router.py" filename="calendar_service/test/test_router.py" complexity="0" line-rate="1" branch-rate="0">
					<methods/>
					<lines>
						<line number="1" hits="1"/>
						<line number="2" hits="1"/>
						<line number="3" hits="1"/>
						<line number="4" hits="1"/>
						<line number="6" hits="1"/>
						<line number="7" hits="1"/>
						<line number="8" hits="1"/>
						<line number="9" hits="1"/>
						<line number="10" hits="1"/>
						<line number="11" hits="1"/>
						<line number="12" hits="1"/>
						<line number="13" hits="1"/>
						<line number="17" hits="1"/>
						<line number="18" hits="1"/>
						<line number="19" hits="1"/>
						<line number="21" hits="1"/>
						<line number="23" hits="1"/>
						<line number="24" hits="1"/>
						<line number="25" hits="1"/>
						<line number="28" hits="1"/>
						<line number="29" hits="1"/>
						<line number="30" hits="1"/>
						<line number="31" hits="1"/>
						<line number="32" hits="1"/>
						<line number="33" hits="1"/>
						<line number="34" hits="1"/>
						<line number="35" hits="1"/>
					</lines>
				</class>
			</classes>
		</package>
		<package name="goal_service" line-rate="0.8571" branch-rate="0" complexity="0">
			<classes>
				<class name="main.py" filename="goal_service/main.py" complexity="0" line-rate="0.8571" branch-rate="0">
					<methods/>
					<lines>
						<line number="1" hits="1"/>
						<line number="2" hits="1"/>
						<line number="4" hits="1"/>
						<line number="5" hits="1"/>
						<line number="7" hits="1"/>
						<line number="8" hits="1"/>
						<line number="9" hits="0"/>
					</lines>
				</class>
			</classes>
		</package>
		<package name="goal_service.api.v1" line-rate="1" branch-rate="0" complexity="0">
			<classes>
				<class name="__init__.py" filename="goal_service/api/v1/__init__.py" complexity="0" line-rate="1" branch-rate="0">
					<methods/>
					<lines/>
				</class>
				<class name="router.py" filename="goal_service/api/v1/router.py" complexity="0" line-rate="1" branch-rate="0">
					<methods/>
					<lines>
						<line number="1" hits="1"/>
						<line number="3" hits="1"/>
						<line number="4" hits="1"/>
						<line number="5" hits="1"/>
						<line number="7" hits="1"/>
						<line number="10" hits="1"/>
						<line number="16" hits="1"/>
						<line number="21" hits="1"/>
						<line number="24" hits="1"/>
						<line number="30" hits="1"/>
						<line number="34" hits="1"/>
					</lines>
				</class>
			</classes>
		</package>
		<package name="goal_service.implementation" line-rate="1" branch-rate="0" complexity="0">
			<classes>
				<class name="__init__.py" filename="goal_service/implementation/__init__.py" complexity="0" line-rate="1" branch-rate="0">
					<methods/>
					<lines/>
				</class>
				<class name="in_memory_goal_repository.py" filename="goal_service/implementation/in_memory_goal_repository.py" complexity="0" line-rate="1" branch-rate="0">
					<methods/>
					<lines>
						<line number="1" hits="1"/>
						<line number="4" hits="1"/>
						<line number="5" hits="1"/>
						<line number="6" hits="1"/>
						<line number="7" hits="1"/>
						<line number="9" hits="1"/>
						<line number="10" hits="1"/>
						<line number="11" hits="1"/>
						<line number="12" hits="1"/>
						<line number="13" hits="1"/>
						<line number="15" hits="1"/>
						<line number="16" hits="1"/>
					</lines>
				</class>
			</classes>
		</package>
		<package name="goal_service.interface" line-rate="1" branch-rate="0" complexity="0">
			<classes>
				<class name="__init__.py" filename="goal_service/interface/__init__.py" complexity="0" line-rate="1" branch-rate="0">
					<methods/>
					<lines/>
				</class>
				<class name="repository.py" filename="goal_service/interface/repository.py" complexity="0" line-rate="1" branch-rate="0">
					<methods/>
					<lines>
						<line number="1" hits="1"/>
						<line number="3" hits="1"/>
						<line number="6" hits="1"/>
						<line number="7" hits="1"/>
						<line number="9" hits="1"/>
					</lines>
				</class>
			</classes>
		</package>
		<package name="goal_service.model" line-rate="1" branch-rate="0" complexity="0">
			<classes>
				<class name="__init__.py" filename="goal_service/model/__init__.py" complexity="0" line-rate="1" branch-rate="0">
					<methods/>
					<lines/>
				</class>
				<class name="goal.py" filename="goal_service/model/goal.py" complexity="0" line-rate="1" branch-rate="0">
					<methods/>
					<lines>
						<line number="1" hits="1"/>
						<line number="4" hits="1"/>
						<line number="5" hits="1"/>
						<line number="6" hits="1"/>
						<line number="7" hits="1"/>
						<line number="8" hits="1"/>
					</lines>
				</class>
			</classes>
		</package>
		<package name="goal_service.schema" line-rate="1" branch-rate="0" complexity="0">
			<classes>
				<class name="__init__.py" filename="goal_service/schema/__init__.py" complexity="0" line-rate="1" branch-rate="0">
					<methods/>
					<lines/>
				</class>
				<class name="goal.py" filename="goal_service/schema/goal.py" complexity="0" line-rate="1" branch-rate="0">
					<methods/>
					<lines>
						<line number="1" hits="1"/>
						<line number="4" hits="1"/>
						<line number="5" hits="1"/>
						<line number="8" hits="1"/>
						<line number="9" hits="1"/>
						<line number="10" hits="1"/>
						<line number="11" hits="1"/>
					</lines>
				</class>
			</classes>
		</package>
		<package name="goal_service.test" line-rate="1" branch-rate="0" complexity="0">
			<classes>
				<class name="test_router.py" filename="goal_service/test/test_router.py" complexity="0" line-rate="1" branch-rate="0">
					<methods/>
					<lines>
						<line number="1" hits="1"/>
						<line number="3" hits="1"/>
						<line number="4" hits="1"/>
						<line number="5" hits="1"/>
						<line number="7" hits="1"/>
						<line number="8" hits="1"/>
						<line number="9" hits="1"/>
						<line number="10" hits="1"/>
						<line number="11" hits="1"/>
						<line number="12" hits="1"/>
						<line number="13" hits="1"/>
						<line number="14" hits="1"/>
						<line number="18" hits="1"/>
						<line number="19" hits="1"/>
						<line number="20" hits="1"/>
						<line number="22" hits="1"/>
						<line number="25" hits="1"/>
						<line number="26" hits="1"/>
						<line number="31" hits="1"/>
						<line number="33" hits="1"/>
						<line number="34" hits="1"/>
						<line number="35" hits="1"/>
						<line number="37" hits="1"/>
						<line number="38" hits="1"/>
						<line number="39" hits="1"/>
						<line number="42" hits="1"/>
						<line number="43" hits="1"/>
						<line number="44" hits="1"/>
						<line number="47" hits="1"/>
						<line number="48" hits="1"/>
						<line number="49" hits="1"/>
						<line number="51" hits="1"/>
						<line number="52" hits="1"/>
					</lines>
				</class>
			</classes>
		</package>
		<package name="goal_service.use_case" line-rate="1" branch-rate="0" complexity="0">
			<classes>
				<class name="__init__.py" filename="goal_service/use_case/__init__.py" complexity="0" line-rate="1" branch-rate="0">
					<methods/>
					<lines/>
				</class>
				<class name="service.py" filename="goal_service/use_case/service.py" complexity="0" line-rate="1" branch-rate="0">
					<methods/>
					<lines>
						<line number="1" hits="1"/>
						<line number="4" hits="1"/>
						<line number="5" hits="1"/>
						<line number="6" hits="1"/>
						<line number="8" hits="1"/>
						<line number="9" hits="1"/>
						<line number="11" hits="1"/>
						<line number="12" hits="1"/>
					</lines>
				</class>
			</classes>
		</package>
		<package name="goal_service.util" line-rate="1" branch-rate="0" complexity="0">
			<classes>
				<class name="__init__.py" filename="goal_service/util/__init__.py" complexity="0" line-rate="1" branch-rate="0">
					<methods/>
					<lines/>
				</class>
				<class name="dependencies.py" filename="goal_service/util/dependencies.py" complexity="0" line-rate="1" branch-rate="0">
					<methods/>
					<lines>
						<line number="1" hits="1"/>
						<line number="3" hits="1"/>
						<line number="5" hits="1"/>
						<line number="6" hits="1"/>
						<line number="7" hits="1"/>
						<line number="9" hits="1"/>
						<line number="12" hits="1"/>
						<line number="13" hits="1"/>
						<line number="16" hits="1"/>
						<line number="17" hits="1"/>
						<line number="20" hits="1"/>
						<line number="26" hits="1"/>
						<line number="27" hits="1"/>
						<line number="28" hits="1"/>
					</lines>
				</class>
			</classes>
		</package>
		<package name="notification_service" line-rate="0.8571" branch-rate="0" complexity="0">
			<classes>
				<class name="main.py" filename="notification_service/main.py" complexity="0" line-rate="0.8571" branch-rate="0">
					<methods/>
					<lines>
						<line number="1" hits="1"/>
						<line number="2" hits="1"/>
						<line number="4" hits="1"/>
						<line number="5" hits="1"/>
						<line number="8" hits="1"/>
						<line number="9" hits="1"/>
						<line number="10" hits="0"/>
					</lines>
				</class>
			</classes>
		</package>
		<package name="notification_service.api.v1" line-rate="1" branch-rate="0" complexity="0">
			<classes>
				<class name="__init__.py" filename="notification_service/api/v1/__init__.py" complexity="0" line-rate="1" branch-rate="0">
					<methods/>
					<lines/>
				</class>
				<class name="router.py" filename="notification_service/api/v1/router.py" complexity="0" line-rate="1" branch-rate="0">
					<methods/>
					<lines>
						<line number="1" hits="1"/>
						<line number="3" hits="1"/>
						<line number="6" hits="1"/>
						<line number="11" hits="1"/>
						<line number="12" hits="1"/>
					</lines>
				</class>
			</classes>
		</package>
		<package name="notification_service.test" line-rate="1" branch-rate="0" complexity="0">
			<classes>
				<class name="test_router.py" filename="notification_service/test/test_router.py" complexity="0" line-rate="1" branch-rate="0">
					<methods/>
					<lines>
						<line number="1" hits="1"/>
						<line number="2" hits="1"/>
						<line number="3" hits="1"/>
						<line number="4" hits="1"/>
						<line number="6" hits="1"/>
						<line number="7" hits="1"/>
						<line number="8" hits="1"/>
						<line number="9" hits="1"/>
						<line number="10" hits="1"/>
						<line number="11" hits="1"/>
						<line number="12" hits="1"/>
						<line number="13" hits="1"/>
						<line number="17" hits="1"/>
						<line number="18" hits="1"/>
						<line number="19" hits="1"/>
						<line number="21" hits="1"/>
						<line number="23" hits="1"/>
						<line number="24" hits="1"/>
						<line number="25" hits="1"/>
						<line number="28" hits="1"/>
						<line number="29" hits="1"/>
						<line number="30" hits="1"/>
						<line number="31" hits="1"/>
					</lines>
				</class>
			</classes>
		</package>
		<package name="proxy_service" line-rate="0.9189" branch-rate="0" complexity="0">
			<classes>
				<class name="main.py" filename="proxy_service/main.py" complexity="0" line-rate="0.9189" branch-rate="0">
					<methods/>
					<lines>
						<line number="1" hits="1"/>
						<line number="3" hits="1"/>
						<line number="4" hits="1"/>
						<line number="5" hits="1"/>
						<line number="6" hits="1"/>
						<line number="8" hits="1"/>
						<line number="9" hits="1"/>
						<line number="11" hits="1"/>
						<line number="12" hits="1"/>
						<line number="21" hits="1"/>
						<line number="22" hits="1"/>
						<line number="24" hits="1"/>
						<line number="25" hits="1"/>
						<line number="26" hits="1"/>
						<line number="35" hits="1"/>
						<line number="36" hits="1"/>
						<line number="37" hits="1"/>
						<line number="38" hits="1"/>
						<line number="39" hits="1"/>
						<line number="40" hits="1"/>
						<line number="41" hits="1"/>
						<line number="42" hits="1"/>
						<line number="43" hits="1"/>
						<line number="44" hits="1"/>
						<line number="52" hits="1"/>
						<line number="53" hits="1"/>
						<line number="54" hits="1"/>
						<line number="64" hits="1"/>
						<line number="65" hits="1"/>
						<line number="75" hits="1"/>
						<line number="94" hits="1"/>
						<line number="96" hits="1"/>
						<line number="98" hits="1"/>
						<line number="99" hits="1"/>
						<line number="101" hits="0"/>
						<line number="103" hits="0"/>
						<line number="105" hits="0"/>
					</lines>
				</class>
			</classes>
		</package>
		<package name="proxy_service.api.v1" line-rate="0.9787" branch-rate="0" complexity="0">
			<classes>
				<class name="__init__.py" filename="proxy_service/api/v1/__init__.py" complexity="0" line-rate="1" branch-rate="0">
					<methods/>
					<lines/>
				</class>
				<class name="auth.py" filename="proxy_service/api/v1/auth.py" complexity="0" line-rate="1" branch-rate="0">
					<methods/>
					<lines>
						<line number="1" hits="1"/>
						<line number="3" hits="1"/>
						<line number="4" hits="1"/>
						<line number="5" hits="1"/>
						<line number="13" hits="1"/>
						<line number="16" hits="1"/>
						<line number="22" hits="1"/>
						<line number="26" hits="1"/>
						<line number="29" hits="1"/>
						<line number="35" hits="1"/>
						<line number="39" hits="1"/>
						<line number="42" hits="1"/>
						<line number="48" hits="1"/>
						<line number="52" hits="1"/>
					</lines>
				</class>
				<class name="calendar.py" filename="proxy_service/api/v1/calendar.py" complexity="0" line-rate="1" branch-rate="0">
					<methods/>
					<lines>
						<line number="1" hits="1"/>
						<line number="3" hits="1"/>
						<line number="4" hits="1"/>
						<line number="5" hits="1"/>
						<line number="6" hits="1"/>
						<line number="8" hits="1"/>
						<line number="11" hits="1"/>
						<line number="17" hits="1"/>
						<line number="21" hits="1"/>
						<line number="22" hits="1"/>
					</lines>
				</class>
				<class name="goals.py" filename="proxy_service/api/v1/goals.py" complexity="0" line-rate="0.8571" branch-rate="0">
					<methods/>
					<lines>
						<line number="1" hits="1"/>
						<line number="3" hits="1"/>
						<line number="4" hits="1"/>
						<line number="5" hits="1"/>
						<line number="6" hits="1"/>
						<line number="8" hits="1"/>
						<line number="11" hits="1"/>
						<line number="17" hits="1"/>
						<line number="22" hits="1"/>
						<line number="23" hits="1"/>
						<line number="26" hits="1"/>
						<line number="32" hits="1"/>
						<line number="36" hits="0"/>
						<line number="37" hits="0"/>
					</lines>
				</class>
				<class name="notification.py" filename="proxy_service/api/v1/notification.py" complexity="0" line-rate="1" branch-rate="0">
					<methods/>
					<lines>
						<line number="1" hits="1"/>
						<line number="3" hits="1"/>
						<line number="4" hits="1"/>
						<line number="5" hits="1"/>
						<line number="6" hits="1"/>
						<line number="8" hits="1"/>
						<line number="11" hits="1"/>
						<line number="17" hits="1"/>
						<line number="22" hits="1"/>
						<line number="23" hits="1"/>
					</lines>
				</class>
				<class name="router.py" filename="proxy_service/api/v1/router.py" complexity="0" line-rate="1" branch-rate="0">
					<methods/>
					<lines>
						<line number="1" hits="1"/>
						<line number="3" hits="1"/>
						<line number="4" hits="1"/>
						<line number="5" hits="1"/>
						<line number="6" hits="1"/>
						<line number="7" hits="1"/>
						<line number="8" hits="1"/>
						<line number="10" hits="1"/>
						<line number="11" hits="1"/>
						<line number="12" hits="1"/>
						<line number="13" hits="1"/>
						<line number="14" hits="1"/>
						<line number="15" hits="1"/>
						<line number="16" hits="1"/>
					</lines>
				</class>
				<class name="tasks.py" filename="proxy_service/api/v1/tasks.py" complexity="0" line-rate="1" branch-rate="0">
					<methods/>
					<lines>
						<line number="1" hits="1"/>
						<line number="3" hits="1"/>
						<line number="4" hits="1"/>
						<line number="5" hits="1"/>
						<line number="6" hits="1"/>
						<line number="8" hits="1"/>
						<line number="11" hits="1"/>
						<line number="17" hits="1"/>
						<line number="22" hits="1"/>
						<line number="23" hits="1"/>
						<line number="26" hits="1"/>
						<line number="32" hits="1"/>
						<line number="37" hits="1"/>
						<line number="38" hits="1"/>
						<line number="41" hits="1"/>
						<line number="47" hits="1"/>
						<line number="53" hits="1"/>
						<line number="54" hits="1"/>
					</lines>
				</class>
				<class name="users.py" filename="proxy_service/api/v1/users.py" complexity="0" line-rate="1" branch-rate="0">
					<methods/>
					<lines>
						<line number="1" hits="1"/>
						<line number="3" hits="1"/>
						<line number="4" hits="1"/>
						<line number="5" hits="1"/>
						<line number="6" hits="1"/>
						<line number="8" hits="1"/>
						<line number="11" hits="1"/>
						<line number="17" hits="1"/>
						<line number="22" hits="1"/>
						<line number="23" hits="1"/>
						<line number="26" hits="1"/>
						<line number="32" hits="1"/>
						<line number="37" hits="1"/>
						<line number="38" hits="1"/>
					</lines>
				</class>
			</classes>
		</package>
		<package name="proxy_service.schema" line-rate="1" branch-rate="0" complexity="0">
			<classes>
				<class name="__init__.py" filename="proxy_service/schema/__init__.py" complexity="0" line-rate="1" branch-rate="0">
					<methods/>
					<lines>
						<line number="1" hits="1"/>
						<line number="10" hits="1"/>
						<line number="11" hits="1"/>
						<line number="12" hits="1"/>
						<line number="13" hits="1"/>
						<line number="14" hits="1"/>
						<line number="16" hits="1"/>
					</lines>
				</class>
				<class name="auth.py" filename="proxy_service/schema/auth.py" complexity="0" line-rate="1" branch-rate="0">
					<methods/>
					<lines>
						<line number="1" hits="1"/>
						<line number="4" hits="1"/>
						<line number="5" hits="1"/>
						<line number="6" hits="1"/>
						<line number="7" hits="1"/>
						<line number="8" hits="1"/>
						<line number="11" hits="1"/>
						<line number="12" hits="1"/>
						<line number="13" hits="1"/>
						<line number="14" hits="1"/>
						<line number="15" hits="1"/>
						<line number="18" hits="1"/>
						<line number="19" hits="1"/>
						<line number="20" hits="1"/>
						<line number="23" hits="1"/>
						<line number="24" hits="1"/>
						<line number="27" hits="1"/>
						<line number="28" hits="1"/>
						<line number="29" hits="1"/>
						<line number="30" hits="1"/>
						<line number="33" hits="1"/>
						<line number="34" hits="1"/>
						<line number="37" hits="1"/>
						<line number="38" hits="1"/>
					</lines>
				</class>
				<class name="calendar.py" filename="proxy_service/schema/calendar.py" complexity="0" line-rate="1" branch-rate="0">
					<methods/>
					<lines>
						<line number="1" hits="1"/>
						<line number="4" hits="1"/>
						<line number="5" hits="1"/>
						<line number="6" hits="1"/>
					</lines>
				</class>
				<class name="goals.py" filename="proxy_service/schema/goals.py" complexity="0" line-rate="1" branch-rate="0">
					<methods/>
					<lines>
						<line number="1" hits="1"/>
						<line number="4" hits="1"/>
						<line number="5" hits="1"/>
						<line number="8" hits="1"/>
						<line number="9" hits="1"/>
						<line number="10" hits="1"/>
						<line number="11" hits="1"/>
					</lines>
				</class>
				<class name="notification.py" filename="proxy_service/schema/notification.py" complexity="0" line-rate="1" branch-rate="0">
					<methods/>
					<lines>
						<line number="1" hits="1"/>
						<line number="4" hits="1"/>
						<line number="5" hits="1"/>
						<line number="8" hits="1"/>
						<line number="9" hits="1"/>
					</lines>
				</class>
				<class name="tasks.py" filename="proxy_service/schema/tasks.py" complexity="0" line-rate="1" branch-rate="0">
					<methods/>
					<lines>
						<line number="1" hits="1"/>
						<line number="3" hits="1"/>
						<line number="5" hits="1"/>
						<line number="8" hits="1"/>
						<line number="9" hits="1"/>
						<line number="10" hits="1"/>
						<line number="11" hits="1"/>
						<line number="14" hits="1"/>
						<line number="15" hits="1"/>
						<line number="18" hits="1"/>
						<line number="19" hits="1"/>
						<line number="20" hits="1"/>
						<line number="21" hits="1"/>
						<line number="22" hits="1"/>
						<line number="23" hits="1"/>
					</lines>
				</class>
				<class name="users.py" filename="proxy_service/schema/users.py" complexity="0" line-rate="1" branch-rate="0">
					<methods/>
					<lines>
						<line number="1" hits="1"/>
						<line number="4" hits="1"/>
						<line number="5" hits="1"/>
						<line number="6" hits="1"/>
						<line number="7" hits="1"/>
						<line number="10" hits="1"/>
						<line number="11" hits="1"/>
						<line number="12" hits="1"/>
						<line number="13" hits="1"/>
						<line number="14" hits="1"/>
					</lines>
				</class>
			</classes>
		</package>
		<package name="proxy_service.test" line-rate="0.9957" branch-rate="0" complexity="0">
			<classes>
				<class name="test_proxy_auth.py" filename="proxy_service/test/test_proxy_auth.py" complexity="0" line-rate="0.9943" branch-rate="0">
					<methods/>
					<lines>
						<line number="1" hits="1"/>
						<line number="2" hits="1"/>
						<line number="3" hits="1"/>
						<line number="4" hits="1"/>
						<line number="5" hits="1"/>
						<line number="6" hits="1"/>
						<line number="7" hits="1"/>
						<line number="9" hits="1"/>
						<line number="10" hits="1"/>
						<line number="11" hits="1"/>
						<line number="12" hits="1"/>
						<line number="13" hits="1"/>
						<line number="14" hits="1"/>
						<line number="15" hits="1"/>
						<line number="16" hits="1"/>
						<line number="20" hits="1"/>
						<line number="21" hits="1"/>
						<line number="22" hits="1"/>
						<line number="24" hits="1"/>
						<line number="26" hits="1"/>
						<line number="27" hits="1"/>
						<line number="28" hits="1"/>
						<line number="29" hits="1"/>
						<line number="30" hits="1"/>
						<line number="31" hits="1"/>
						<line number="33" hits="1"/>
						<line number="36" hits="1"/>
						<line number="37" hits="1"/>
						<line number="38" hits="1"/>
						<line number="39" hits="1"/>
						<line number="46" hits="1"/>
						<line number="47" hits="1"/>
						<line number="48" hits="1"/>
						<line number="49" hits="1"/>
						<line number="50" hits="1"/>
						<line number="56" hits="1"/>
						<line number="57" hits="1"/>
						<line number="58" hits="1"/>
						<line number="59" hits="1"/>
						<line number="60" hits="1"/>
						<line number="62" hits="1"/>
						<line number="63" hits="1"/>
						<line number="64" hits="1"/>
						<line number="66" hits="1"/>
						<line number="67" hits="1"/>
						<line number="68" hits="1"/>
						<line number="77" hits="1"/>
						<line number="78" hits="1"/>
						<line number="79" hits="1"/>
						<line number="81" hits="1"/>
						<line number="82" hits="1"/>
						<line number="83" hits="1"/>
						<line number="85" hits="1"/>
						<line number="86" hits="1"/>
						<line number="88" hits="1"/>
						<line number="89" hits="1"/>
						<line number="90" hits="1"/>
						<line number="98" hits="1"/>
						<line number="99" hits="1"/>
						<line number="100" hits="1"/>
						<line number="110" hits="1"/>
						<line number="111" hits="1"/>
						<line number="112" hits="1"/>
						<line number="113" hits="1"/>
						<line number="121" hits="1"/>
						<line number="122" hits="1"/>
						<line number="124" hits="1"/>
						<line number="125" hits="1"/>
						<line number="127" hits="0"/>
						<line number="130" hits="1"/>
						<line number="131" hits="1"/>
						<line number="132" hits="1"/>
						<line number="135" hits="1"/>
						<line number="136" hits="1"/>
						<line number="137" hits="1"/>
						<line number="140" hits="1"/>
						<line number="141" hits="1"/>
						<line number="142" hits="1"/>
						<line number="151" hits="1"/>
						<line number="152" hits="1"/>
						<line number="153" hits="1"/>
						<line number="154" hits="1"/>
						<line number="157" hits="1"/>
						<line number="158" hits="1"/>
						<line number="167" hits="1"/>
						<line number="170" hits="1"/>
						<line number="171" hits="1"/>
						<line number="172" hits="1"/>
						<line number="176" hits="1"/>
						<line number="177" hits="1"/>
						<line number="180" hits="1"/>
						<line number="181" hits="1"/>
						<line number="182" hits="1"/>
						<line number="186" hits="1"/>
						<line number="189" hits="1"/>
						<line number="190" hits="1"/>
						<line number="191" hits="1"/>
						<line number="195" hits="1"/>
						<line number="196" hits="1"/>
						<line number="199" hits="1"/>
						<line number="200" hits="1"/>
						<line number="201" hits="1"/>
						<line number="205" hits="1"/>
						<line number="208" hits="1"/>
						<line number="209" hits="1"/>
						<line number="210" hits="1"/>
						<line number="213" hits="1"/>
						<line number="214" hits="1"/>
						<line number="218" hits="1"/>
						<line number="222" hits="1"/>
						<line number="223" hits="1"/>
						<line number="226" hits="1"/>
						<line number="227" hits="1"/>
						<line number="228" hits="1"/>
						<line number="231" hits="1"/>
						<line number="232" hits="1"/>
						<line number="236" hits="1"/>
						<line number="241" hits="1"/>
						<line number="242" hits="1"/>
						<line number="243" hits="1"/>
						<line number="246" hits="1"/>
						<line number="247" hits="1"/>
						<line number="248" hits="1"/>
						<line number="251" hits="1"/>
						<line number="252" hits="1"/>
						<line number="256" hits="1"/>
						<line number="261" hits="1"/>
						<line number="262" hits="1"/>
						<line number="265" hits="1"/>
						<line number="266" hits="1"/>
						<line number="267" hits="1"/>
						<line number="270" hits="1"/>
						<line number="271" hits="1"/>
						<line number="275" hits="1"/>
						<line number="280" hits="1"/>
						<line number="281" hits="1"/>
						<line number="284" hits="1"/>
						<line number="285" hits="1"/>
						<line number="289" hits="1"/>
						<line number="294" hits="1"/>
						<line number="295" hits="1"/>
						<line number="298" hits="1"/>
						<line number="299" hits="1"/>
						<line number="300" hits="1"/>
						<line number="303" hits="1"/>
						<line number="304" hits="1"/>
						<line number="308" hits="1"/>
						<line number="312" hits="1"/>
						<line number="313" hits="1"/>
						<line number="314" hits="1"/>
						<line number="317" hits="1"/>
						<line number="318" hits="1"/>
						<line number="319" hits="1"/>
						<line number="322" hits="1"/>
						<line number="323" hits="1"/>
						<line number="327" hits="1"/>
						<line number="332" hits="1"/>
						<line number="333" hits="1"/>
						<line number="336" hits="1"/>
						<line number="337" hits="1"/>
						<line number="338" hits="1"/>
						<line number="341" hits="1"/>
						<line number="342" hits="1"/>
						<line number="346" hits="1"/>
						<line number="351" hits="1"/>
						<line number="352" hits="1"/>
						<line number="355" hits="1"/>
						<line number="356" hits="1"/>
						<line number="357" hits="1"/>
						<line number="360" hits="1"/>
						<line number="361" hits="1"/>
						<line number="365" hits="1"/>
						<line number="369" hits="1"/>
						<line number="370" hits="1"/>
						<line number="371" hits="1"/>
					</lines>
				</class>
				<class name="test_proxy_health.py" filename="proxy_service/test/test_proxy_health.py" complexity="0" line-rate="1" branch-rate="0">
					<methods/>
					<lines>
						<line number="1" hits="1"/>
						<line number="2" hits="1"/>
						<line number="3" hits="1"/>
						<line number="4" hits="1"/>
						<line number="5" hits="1"/>
						<line number="6" hits="1"/>
						<line number="9" hits="1"/>
						<line number="10" hits="1"/>
						<line number="11" hits="1"/>
						<line number="12" hits="1"/>
						<line number="13" hits="1"/>
						<line number="14" hits="1"/>
						<line number="17" hits="1"/>
						<line number="18" hits="1"/>
						<line number="25" hits="1"/>
						<line number="27" hits="1"/>
						<line number="28" hits="1"/>
						<line number="29" hits="1"/>
						<line number="32" hits="1"/>
						<line number="33" hits="1"/>
						<line number="34" hits="1"/>
						<line number="37" hits="1"/>
						<line number="38" hits="1"/>
						<line number="39" hits="1"/>
						<line number="40" hits="1"/>
						<line number="42" hits="1"/>
						<line number="43" hits="1"/>
						<line number="45" hits="1"/>
						<line number="46" hits="1"/>
						<line number="48" hits="1"/>
						<line number="49" hits="1"/>
						<line number="50" hits="1"/>
						<line number="51" hits="1"/>
						<line number="53" hits="1"/>
						<line number="56" hits="1"/>
						<line number="57" hits="1"/>
						<line number="58" hits="1"/>
						<line number="60" hits="1"/>
						<line number="61" hits="1"/>
						<line number="62" hits="1"/>
						<line number="63" hits="1"/>
						<line number="64" hits="1"/>
						<line number="65" hits="1"/>
						<line number="68" hits="1"/>
						<line number="69" hits="1"/>
						<line number="70" hits="1"/>
						<line number="72" hits="1"/>
						<line number="73" hits="1"/>
						<line number="74" hits="1"/>
						<line number="75" hits="1"/>
						<line number="78" hits="1"/>
						<line number="79" hits="1"/>
						<line number="80" hits="1"/>
						<line number="82" hits="1"/>
						<line number="83" hits="1"/>
						<line number="84" hits="1"/>
						<line number="85" hits="1"/>
						<line number="86" hits="1"/>
					</lines>
				</class>
			</classes>
		</package>
		<package name="proxy_service.use_case" line-rate="0.8072" branch-rate="0" complexity="0">
			<classes>
				<class name="__init__.py" filename="proxy_service/use_case/__init__.py" complexity="0" line-rate="1" branch-rate="0">
					<methods/>
					<lines/>
				</class>
				<class name="auth_proxy.py" filename="proxy_service/use_case/auth_proxy.py" complexity="0" line-rate="1" branch-rate="0">
					<methods/>
					<lines>
						<line number="1" hits="1"/>
						<line number="2" hits="1"/>
						<line number="5" hits="1"/>
						<line number="6" hits="1"/>
						<line number="7" hits="1"/>
						<line number="9" hits="1"/>
						<line number="10" hits="1"/>
						<line number="12" hits="1"/>
						<line number="17" hits="1"/>
						<line number="18" hits="1"/>
						<line number="20" hits="1"/>
						<line number="21" hits="1"/>
						<line number="23" hits="1"/>
						<line number="24" hits="1"/>
					</lines>
				</class>
				<class name="calendar_proxy.py" filename="proxy_service/use_case/calendar_proxy.py" complexity="0" line-rate="1" branch-rate="0">
					<methods/>
					<lines>
						<line number="1" hits="1"/>
						<line number="2" hits="1"/>
						<line number="5" hits="1"/>
						<line number="6" hits="1"/>
						<line number="7" hits="1"/>
						<line number="9" hits="1"/>
						<line number="10" hits="1"/>
					</lines>
				</class>
				<class name="goal_proxy.py" filename="proxy_service/use_case/goal_proxy.py" complexity="0" line-rate="0.8889" branch-rate="0">
					<methods/>
					<lines>
						<line number="1" hits="1"/>
						<line number="2" hits="1"/>
						<line number="5" hits="1"/>
						<line number="6" hits="1"/>
						<line number="7" hits="1"/>
						<line number="9" hits="1"/>
						<line number="10" hits="1"/>
						<line number="18" hits="1"/>
						<line number="19" hits="0"/>
					</lines>
				</class>
				<class name="notification_proxy.py" filename="proxy_service/use_case/notification_proxy.py" complexity="0" line-rate="1" branch-rate="0">
					<methods/>
					<lines>
						<line number="1" hits="1"/>
						<line number="2" hits="1"/>
						<line number="5" hits="1"/>
						<line number="6" hits="1"/>
						<line number="7" hits="1"/>
						<line number="9" hits="1"/>
						<line number="10" hits="1"/>
					</lines>
				</class>
				<class name="proxy_client.py" filename="proxy_service/use_case/proxy_client.py" complexity="0" line-rate="0.2222" branch-rate="0">
					<methods/>
					<lines>
						<line number="1" hits="1"/>
						<line number="2" hits="1"/>
						<line number="5" hits="1"/>
						<line number="6" hits="1"/>
						<line number="14" hits="0"/>
						<line number="15" hits="0"/>
						<line number="16" hits="0"/>
						<line number="17" hits="0"/>
						<line number="18" hits="0"/>
						<line number="20" hits="0"/>
						<line number="21" hits="0"/>
						<line number="22" hits="0"/>
						<line number="24" hits="0"/>
						<line number="26" hits="0"/>
						<line number="27" hits="0"/>
						<line number="29" hits="0"/>
						<line number="30" hits="0"/>
						<line number="31" hits="0"/>
					</lines>
				</class>
				<class name="task_proxy.py" filename="proxy_service/use_case/task_proxy.py" complexity="0" line-rate="1" branch-rate="0">
					<methods/>
					<lines>
						<line number="1" hits="1"/>
						<line number="3" hits="1"/>
						<line number="4" hits="1"/>
						<line number="7" hits="1"/>
						<line number="8" hits="1"/>
						<line number="9" hits="1"/>
						<line number="11" hits="1"/>
						<line number="12" hits="1"/>
						<line number="14" hits="1"/>
						<line number="15" hits="1"/>
						<line number="16" hits="1"/>
						<line number="17" hits="1"/>
						<line number="19" hits="1"/>
						<line number="27" hits="1"/>
						<line number="28" hits="1"/>
						<line number="35" hits="1"/>
						<line number="42" hits="1"/>
					</lines>
				</class>
				<class name="user_proxy.py" filename="proxy_service/use_case/user_proxy.py" complexity="0" line-rate="0.9091" branch-rate="0">
					<methods/>
					<lines>
						<line number="1" hits="1"/>
						<line number="2" hits="1"/>
						<line number="5" hits="1"/>
						<line number="6" hits="1"/>
						<line number="7" hits="1"/>
						<line number="9" hits="1"/>
						<line number="10" hits="0"/>
						<line number="12" hits="1"/>
						<line number="13" hits="1"/>
						<line number="15" hits="1"/>
						<line number="16" hits="1"/>
					</lines>
				</class>
			</classes>
		</package>
		<package name="proxy_service.util" line-rate="0.8913" branch-rate="0" complexity="0">
			<classes>
				<class name="__init__.py" filename="proxy_service/util/__init__.py" complexity="0" line-rate="1" branch-rate="0">
					<methods/>
					<lines/>
				</class>
				<class name="auth.py" filename="proxy_service/util/auth.py" complexity="0" line-rate="0.6667" branch-rate="0">
					<methods/>
					<lines>
						<line number="1" hits="1"/>
						<line number="2" hits="1"/>
						<line number="3" hits="1"/>
						<line number="5" hits="1"/>
						<line number="7" hits="1"/>
						<line number="10" hits="1"/>
						<line number="14" hits="1"/>
						<line number="15" hits="1"/>
						<line number="16" hits="1"/>
						<line number="19" hits="1"/>
						<line number="20" hits="0"/>
						<line number="21" hits="0"/>
						<line number="25" hits="0"/>
						<line number="26" hits="0"/>
						<line number="27" hits="0"/>
					</lines>
				</class>
				<class name="config.py" filename="proxy_service/util/config.py" complexity="0" line-rate="1" branch-rate="0">
					<methods/>
					<lines>
						<line number="1" hits="1"/>
						<line number="3" hits="1"/>
						<line number="5" hits="1"/>
						<line number="7" hits="1"/>
						<line number="8" hits="1"/>
						<line number="9" hits="1"/>
						<line number="10" hits="1"/>
						<line number="11" hits="1"/>
						<line number="12" hits="1"/>
					</lines>
				</class>
				<class name="dependencies.py" filename="proxy_service/util/dependencies.py" complexity="0" line-rate="1" branch-rate="0">
					<methods/>
					<lines>
						<line number="1" hits="1"/>
						<line number="3" hits="1"/>
						<line number="4" hits="1"/>
						<line number="5" hits="1"/>
						<line number="6" hits="1"/>
						<line number="7" hits="1"/>
						<line number="8" hits="1"/>
						<line number="9" hits="1"/>
						<line number="12" hits="1"/>
						<line number="13" hits="1"/>
						<line number="16" hits="1"/>
						<line number="17" hits="1"/>
						<line number="20" hits="1"/>
						<line number="21" hits="1"/>
						<line number="24" hits="1"/>
						<line number="25" hits="1"/>
						<line number="28" hits="1"/>
						<line number="29" hits="1"/>
						<line number="32" hits="1"/>
						<line number="33" hits="1"/>
						<line number="36" hits="1"/>
						<line number="37" hits="1"/>
					</lines>
				</class>
			</classes>
		</package>
		<package name="task_service" line-rate="0.8571" branch-rate="0" complexity="0">
			<classes>
				<class name="main.py" filename="task_service/main.py" complexity="0" line-rate="0.8571" branch-rate="0">
					<methods/>
					<lines>
						<line number="1" hits="1"/>
						<line number="2" hits="1"/>
						<line number="4" hits="1"/>
						<line number="5" hits="1"/>
						<line number="7" hits="1"/>
						<line number="8" hits="1"/>
						<line number="9" hits="0"/>
					</lines>
				</class>
			</classes>
		</package>
		<package name="task_service.api.v1" line-rate="0.913" branch-rate="0" complexity="0">
			<classes>
				<class name="__init__.py" filename="task_service/api/v1/__init__.py" complexity="0" line-rate="1" branch-rate="0">
					<methods/>
					<lines/>
				</class>
				<class name="router.py" filename="task_service/api/v1/router.py" complexity="0" line-rate="0.913" branch-rate="0">
					<methods/>
					<lines>
						<line number="1" hits="1"/>
						<line number="3" hits="1"/>
						<line number="4" hits="1"/>
						<line number="5" hits="1"/>
						<line number="7" hits="1"/>
						<line number="10" hits="1"/>
						<line number="17" hits="1"/>
						<line number="22" hits="1"/>
						<line number="23" hits="1"/>
						<line number="24" hits="1"/>
						<line number="25" hits="1"/>
						<line number="28" hits="1"/>
						<line number="34" hits="1"/>
						<line number="39" hits="1"/>
						<line number="42" hits="1"/>
						<line number="49" hits="1"/>
						<line number="55" hits="1"/>
						<line number="56" hits="1"/>
						<line number="57" hits="0"/>
						<line number="58" hits="0"/>
						<line number="59" hits="1"/>
						<line number="60" hits="1"/>
						<line number="61" hits="1"/>
					</lines>
				</class>
			</classes>
		</package>
		<package name="task_service.implementation" line-rate="0.96" branch-rate="0" complexity="0">
			<classes>
				<class name="__init__.py" filename="task_service/implementation/__init__.py" complexity="0" line-rate="1" branch-rate="0">
					<methods/>
					<lines/>
				</class>
				<class name="in_memory_task_repository.py" filename="task_service/implementation/in_memory_task_repository.py" complexity="0" line-rate="0.96" branch-rate="0">
					<methods/>
					<lines>
						<line number="1" hits="1"/>
						<line number="3" hits="1"/>
						<line number="6" hits="1"/>
						<line number="7" hits="1"/>
						<line number="8" hits="1"/>
						<line number="9" hits="1"/>
						<line number="11" hits="1"/>
						<line number="12" hits="1"/>
						<line number="13" hits="1"/>
						<line number="14" hits="1"/>
						<line number="15" hits="1"/>
						<line number="16" hits="1"/>
						<line number="17" hits="1"/>
						<line number="19" hits="1"/>
						<line number="20" hits="1"/>
						<line number="22" hits="1"/>
						<line number="23" hits="1"/>
						<line number="24" hits="0"/>
						<line number="25" hits="1"/>
						<line number="26" hits="1"/>
						<line number="27" hits="1"/>
						<line number="28" hits="1"/>
						<line number="29" hits="1"/>
						<line number="30" hits="1"/>
						<line number="31" hits="1"/>
					</lines>
				</class>
			</classes>
		</package>
		<package name="task_service.interface" line-rate="1" branch-rate="0" complexity="0">
			<classes>
				<class name="__init__.py" filename="task_service/interface/__init__.py" complexity="0" line-rate="1" branch-rate="0">
					<methods/>
					<lines/>
				</class>
				<class name="repository.py" filename="task_service/interface/repository.py" complexity="0" line-rate="1" branch-rate="0">
					<methods/>
					<lines>
						<line number="1" hits="1"/>
						<line number="3" hits="1"/>
						<line number="6" hits="1"/>
						<line number="7" hits="1"/>
						<line number="9" hits="1"/>
						<line number="11" hits="1"/>
					</lines>
				</class>
			</classes>
		</package>
		<package name="task_service.model" line-rate="1" branch-rate="0" complexity="0">
			<classes>
				<class name="__init__.py" filename="task_service/model/__init__.py" complexity="0" line-rate="1" branch-rate="0">
					<methods/>
					<lines/>
				</class>
				<class name="task.py" filename="task_service/model/task.py" complexity="0" line-rate="1" branch-rate="0">
					<methods/>
					<lines>
						<line number="1" hits="1"/>
						<line number="4" hits="1"/>
						<line number="5" hits="1"/>
						<line number="6" hits="1"/>
						<line number="7" hits="1"/>
						<line number="8" hits="1"/>
						<line number="9" hits="1"/>
						<line number="10" hits="1"/>
					</lines>
				</class>
			</classes>
		</package>
		<package name="task_service.schema" line-rate="1" branch-rate="0" complexity="0">
			<classes>
				<class name="__init__.py" filename="task_service/schema/__init__.py" complexity="0" line-rate="1" branch-rate="0">
					<methods/>
					<lines/>
				</class>
				<class name="task.py" filename="task_service/schema/task.py" complexity="0" line-rate="1" branch-rate="0">
					<methods/>
					<lines>
						<line number="1" hits="1"/>
						<line number="4" hits="1"/>
						<line number="5" hits="1"/>
						<line number="6" hits="1"/>
						<line number="7" hits="1"/>
						<line number="10" hits="1"/>
						<line number="11" hits="1"/>
						<line number="14" hits="1"/>
						<line number="15" hits="1"/>
						<line number="16" hits="1"/>
						<line number="17" hits="1"/>
						<line number="18" hits="1"/>
						<line number="19" hits="1"/>
					</lines>
				</class>
			</classes>
		</package>
		<package name="task_service.test" line-rate="1" branch-rate="0" complexity="0">
			<classes>
				<class name="test_router.py" filename="task_service/test/test_router.py" complexity="0" line-rate="1" branch-rate="0">
					<methods/>
					<lines>
						<line number="1" hits="1"/>
						<line number="3" hits="1"/>
						<line number="4" hits="1"/>
						<line number="5" hits="1"/>
						<line number="7" hits="1"/>
						<line number="8" hits="1"/>
						<line number="9" hits="1"/>
						<line number="10" hits="1"/>
						<line number="11" hits="1"/>
						<line number="12" hits="1"/>
						<line number="13" hits="1"/>
						<line number="14" hits="1"/>
						<line number="18" hits="1"/>
						<line number="19" hits="1"/>
						<line number="20" hits="1"/>
						<line number="22" hits="1"/>
						<line number="25" hits="1"/>
						<line number="26" hits="1"/>
						<line number="31" hits="1"/>
						<line number="32" hits="1"/>
						<line number="34" hits="1"/>
						<line number="35" hits="1"/>
						<line number="36" hits="1"/>
						<line number="38" hits="1"/>
						<line number="43" hits="1"/>
						<line number="44" hits="1"/>
						<line number="46" hits="1"/>
						<line number="47" hits="1"/>
						<line number="48" hits="1"/>
						<line number="50" hits="1"/>
						<line number="55" hits="1"/>
						<line number="58" hits="1"/>
						<line number="59" hits="1"/>
						<line number="64" hits="1"/>
						<line number="67" hits="1"/>
						<line number="68" hits="1"/>
						<line number="73" hits="1"/>
						<line number="76" hits="1"/>
						<line number="77" hits="1"/>
						<line number="78" hits="1"/>
						<line number="80" hits="1"/>
						<line number="81" hits="1"/>
						<line number="84" hits="1"/>
						<line number="85" hits="1"/>
						<line number="86" hits="1"/>
					</lines>
				</class>
			</classes>
		</package>
		<package name="task_service.use_case" line-rate="1" branch-rate="0" complexity="0">
			<classes>
				<class name="__init__.py" filename="task_service/use_case/__init__.py" complexity="0" line-rate="1" branch-rate="0">
					<methods/>
					<lines/>
				</class>
				<class name="service.py" filename="task_service/use_case/service.py" complexity="0" line-rate="1" branch-rate="0">
					<methods/>
					<lines>
						<line number="1" hits="1"/>
						<line number="4" hits="1"/>
						<line number="5" hits="1"/>
						<line number="6" hits="1"/>
						<line number="8" hits="1"/>
						<line number="9" hits="1"/>
						<line number="15" hits="1"/>
						<line number="17" hits="1"/>
						<line number="18" hits="1"/>
						<line number="20" hits="1"/>
						<line number="21" hits="1"/>
						<line number="22" hits="1"/>
					</lines>
				</class>
			</classes>
		</package>
		<package name="task_service.util" line-rate="1" branch-rate="0" complexity="0">
			<classes>
				<class name="__init__.py" filename="task_service/util/__init__.py" complexity="0" line-rate="1" branch-rate="0">
					<methods/>
					<lines/>
				</class>
				<class name="dependencies.py" filename="task_service/util/dependencies.py" complexity="0" line-rate="1" branch-rate="0">
					<methods/>
					<lines>
						<line number="1" hits="1"/>
						<line number="3" hits="1"/>
						<line number="5" hits="1"/>
						<line number="6" hits="1"/>
						<line number="7" hits="1"/>
						<line number="9" hits="1"/>
						<line number="12" hits="1"/>
						<line number="13" hits="1"/>
						<line number="16" hits="1"/>
						<line number="17" hits="1"/>
						<line number="20" hits="1"/>
						<line number="21" hits="1"/>
						<line number="22" hits="1"/>
						<line number="23" hits="1"/>
					</lines>
				</class>
			</classes>
		</package>
		<package name="user_service" line-rate="0.8571" branch-rate="0" complexity="0">
			<classes>
				<class name="main.py" filename="user_service/main.py" complexity="0" line-rate="0.8571" branch-rate="0">
					<methods/>
					<lines>
						<line number="1" hits="1"/>
						<line number="2" hits="1"/>
						<line number="4" hits="1"/>
						<line number="5" hits="1"/>
						<line number="7" hits="1"/>
						<line number="8" hits="1"/>
						<line number="9" hits="0"/>
					</lines>
				</class>
			</classes>
		</package>
		<package name="user_service.api.v1" line-rate="1" branch-rate="0" complexity="0">
			<classes>
				<class name="__init__.py" filename="user_service/api/v1/__init__.py" complexity="0" line-rate="1" branch-rate="0">
					<methods/>
					<lines/>
				</class>
				<class name="router.py" filename="user_service/api/v1/router.py" complexity="0" line-rate="1" branch-rate="0">
					<methods/>
					<lines>
						<line number="1" hits="1"/>
						<line number="3" hits="1"/>
						<line number="4" hits="1"/>
						<line number="5" hits="1"/>
						<line number="7" hits="1"/>
						<line number="10" hits="1"/>
						<line number="17" hits="1"/>
						<line number="18" hits="1"/>
						<line number="19" hits="1"/>
						<line number="20" hits="1"/>
						<line number="21" hits="1"/>
						<line number="24" hits="1"/>
						<line number="31" hits="1"/>
						<line number="32" hits="1"/>
						<line number="33" hits="1"/>
						<line number="34" hits="1"/>
						<line number="35" hits="1"/>
						<line number="38" hits="1"/>
						<line number="44" hits="1"/>
						<line number="45" hits="1"/>
					</lines>
				</class>
			</classes>
		</package>
		<package name="user_service.implementation" line-rate="1" branch-rate="0" complexity="0">
			<classes>
				<class name="__init__.py" filename="user_service/implementation/__init__.py" complexity="0" line-rate="1" branch-rate="0">
					<methods/>
					<lines/>
				</class>
				<class name="in_memory_user_repository.py" filename="user_service/implementation/in_memory_user_repository.py" complexity="0" line-rate="1" branch-rate="0">
					<methods/>
					<lines>
						<line number="1" hits="1"/>
						<line number="4" hits="1"/>
						<line number="5" hits="1"/>
						<line number="6" hits="1"/>
						<line number="7" hits="1"/>
						<line number="9" hits="1"/>
						<line number="10" hits="1"/>
						<line number="11" hits="1"/>
						<line number="12" hits="1"/>
						<line number="13" hits="1"/>
						<line number="14" hits="1"/>
						<line number="15" hits="1"/>
						<line number="17" hits="1"/>
						<line number="18" hits="1"/>
						<line number="20" hits="1"/>
						<line number="21" hits="1"/>
						<line number="22" hits="1"/>
					</lines>
				</class>
			</classes>
		</package>
		<package name="user_service.interface" line-rate="1" branch-rate="0" complexity="0">
			<classes>
				<class name="__init__.py" filename="user_service/interface/__init__.py" complexity="0" line-rate="1" branch-rate="0">
					<methods/>
					<lines/>
				</class>
				<class name="repository.py" filename="user_service/interface/repository.py" complexity="0" line-rate="1" branch-rate="0">
					<methods/>
					<lines>
						<line number="1" hits="1"/>
						<line number="3" hits="1"/>
						<line number="6" hits="1"/>
						<line number="7" hits="1"/>
						<line number="9" hits="1"/>
						<line number="11" hits="1"/>
					</lines>
				</class>
			</classes>
		</package>
		<package name="user_service.model" line-rate="1" branch-rate="0" complexity="0">
			<classes>
				<class name="__init__.py" filename="user_service/model/__init__.py" complexity="0" line-rate="1" branch-rate="0">
					<methods/>
					<lines/>
				</class>
				<class name="user.py" filename="user_service/model/user.py" complexity="0" line-rate="1" branch-rate="0">
					<methods/>
					<lines>
						<line number="1" hits="1"/>
						<line number="4" hits="1"/>
						<line number="5" hits="1"/>
						<line number="6" hits="1"/>
						<line number="7" hits="1"/>
						<line number="8" hits="1"/>
						<line number="9" hits="1"/>
					</lines>
				</class>
			</classes>
		</package>
		<package name="user_service.schema" line-rate="1" branch-rate="0" complexity="0">
			<classes>
				<class name="__init__.py" filename="user_service/schema/__init__.py" complexity="0" line-rate="1" branch-rate="0">
					<methods/>
					<lines/>
				</class>
				<class name="user.py" filename="user_service/schema/user.py" complexity="0" line-rate="1" branch-rate="0">
					<methods/>
					<lines>
						<line number="1" hits="1"/>
						<line number="4" hits="1"/>
						<line number="5" hits="1"/>
						<line number="6" hits="1"/>
						<line number="7" hits="1"/>
						<line number="10" hits="1"/>
						<line number="11" hits="1"/>
						<line number="12" hits="1"/>
						<line number="13" hits="1"/>
						<line number="14" hits="1"/>
					</lines>
				</class>
			</classes>
		</package>
		<package name="user_service.test" line-rate="1" branch-rate="0" complexity="0">
			<classes>
				<class name="test_router.py" filename="user_service/test/test_router.py" complexity="0" line-rate="1" branch-rate="0">
					<methods/>
					<lines>
						<line number="1" hits="1"/>
						<line number="3" hits="1"/>
						<line number="4" hits="1"/>
						<line number="5" hits="1"/>
						<line number="7" hits="1"/>
						<line number="8" hits="1"/>
						<line number="9" hits="1"/>
						<line number="10" hits="1"/>
						<line number="11" hits="1"/>
						<line number="12" hits="1"/>
						<line number="13" hits="1"/>
						<line number="14" hits="1"/>
						<line number="18" hits="1"/>
						<line number="19" hits="1"/>
						<line number="20" hits="1"/>
						<line number="22" hits="1"/>
						<line number="25" hits="1"/>
						<line number="26" hits="1"/>
						<line number="30" hits="1"/>
						<line number="32" hits="1"/>
						<line number="33" hits="1"/>
						<line number="34" hits="1"/>
						<line number="37" hits="1"/>
						<line number="38" hits="1"/>
						<line number="39" hits="1"/>
						<line number="42" hits="1"/>
						<line number="43" hits="1"/>
						<line number="44" hits="1"/>
						<line number="48" hits="1"/>
						<line number="51" hits="1"/>
						<line number="52" hits="1"/>
						<line number="56" hits="1"/>
						<line number="59" hits="1"/>
						<line number="60" hits="1"/>
						<line number="61" hits="1"/>
						<line number="62" hits="1"/>
						<line number="63" hits="1"/>
						<line number="64" hits="1"/>
						<line number="65" hits="1"/>
						<line number="68" hits="1"/>
						<line number="69" hits="1"/>
						<line number="70" hits="1"/>
					</lines>
				</class>
			</classes>
		</package>
		<package name="user_service.use_case" line-rate="1" branch-rate="0" complexity="0">
			<classes>
				<class name="__init__.py" filename="user_service/use_case/__init__.py" complexity="0" line-rate="1" branch-rate="0">
					<methods/>
					<lines/>
				</class>
				<class name="service.py" filename="user_service/use_case/service.py" complexity="0" line-rate="1" branch-rate="0">
					<methods/>
					<lines>
						<line number="1" hits="1"/>
						<line number="4" hits="1"/>
						<line number="5" hits="1"/>
						<line number="6" hits="1"/>
						<line number="8" hits="1"/>
						<line number="9" hits="1"/>
						<line number="11" hits="1"/>
						<line number="12" hits="1"/>
						<line number="13" hits="1"/>
						<line number="15" hits="1"/>
						<line number="16" hits="1"/>
					</lines>
				</class>
			</classes>
		</package>
		<package name="user_service.util" line-rate="1" branch-rate="0" complexity="0">
			<classes>
				<class name="__init__.py" filename="user_service/util/__init__.py" complexity="0" line-rate="1" branch-rate="0">
					<methods/>
					<lines/>
				</class>
				<class name="dependencies.py" filename="user_service/util/dependencies.py" complexity="0" line-rate="1" branch-rate="0">
					<methods/>
					<lines>
						<line number="1" hits="1"/>
						<line number="3" hits="1"/>
						<line number="5" hits="1"/>
						<line number="6" hits="1"/>
						<line number="7" hits="1"/>
						<line number="9" hits="1"/>
						<line number="12" hits="1"/>
						<line number="13" hits="1"/>
						<line number="16" hits="1"/>
						<line number="17" hits="1"/>
					</lines>
				</class>
			</classes>
		</package>
	</packages>
</coverage>
